<?xml version="1.0" encoding="UTF-8"?>
<testng-results ignored="0" total="1" passed="1" failed="0" skipped="0">
  <reporter-output>
  </reporter-output>
  <suite started-at="2018-11-05T16:14:10Z" name="Default suite" finished-at="2018-11-05T16:14:10Z" duration-ms="50">
    <groups>
    </groups>
    <test started-at="2018-11-05T16:14:10Z" name="Default test" finished-at="2018-11-05T16:14:10Z" duration-ms="50">
      <class name="automationFlow.SelAdvPrac">
        <test-method is-config="true" signature="beforeMethod()[pri:0, instance:automationFlow.SelAdvPrac@10d68fcd]" started-at="2018-11-05T16:14:10Z" name="beforeMethod" finished-at="2018-11-05T16:14:10Z" duration-ms="9" status="PASS">
          <reporter-output>
          </reporter-output>
        </test-method> <!-- beforeMethod -->
        <test-method signature="f()[pri:0, instance:automationFlow.SelAdvPrac@10d68fcd]" started-at="2018-11-05T16:14:10Z" name="f" finished-at="2018-11-05T16:14:10Z" duration-ms="11" status="PASS">
          <reporter-output>
          </reporter-output>
        </test-method> <!-- f -->
        <test-method is-config="true" signature="afterMethod()[pri:0, instance:automationFlow.SelAdvPrac@10d68fcd]" started-at="2018-11-05T16:14:10Z" name="afterMethod" finished-at="2018-11-05T16:14:10Z" duration-ms="1" status="PASS">
          <reporter-output>
          </reporter-output>
        </test-method> <!-- afterMethod -->
      </class> <!-- automationFlow.SelAdvPrac -->
    </test> <!-- Default test -->
  </suite> <!-- Default suite -->
</testng-results>
